
========================[ Jun 24, 2019 11:09 AM ]========================
Version 2.2.26 [Sep-21-2011]
Started database file "/home/kika/programs/MultiLoc2-26-10-2009/tmp//ml1561367397.98test.seq"
Formatted 1 sequences in volume 0
SUCCESS: formatted database /home/kika/programs/MultiLoc2-26-10-2009/tmp//ml1561367397.98test.seq

========================[ Jun 24, 2019 11:10 AM ]========================
Version 2.2.26 [Sep-21-2011]
Started database file "/home/kika/programs/MultiLoc2-26-10-2009/tmp//ml1561367431.27test.seq"
Formatted 1 sequences in volume 0
SUCCESS: formatted database /home/kika/programs/MultiLoc2-26-10-2009/tmp//ml1561367431.27test.seq

========================[ Jun 24, 2019  5:39 PM ]========================
Version 2.2.26 [Sep-21-2011]
Started database file "/home/kika/programs/MultiLoc2-26-10-2009/tmp//ml1561390738.74test.seq"
Formatted 1 sequences in volume 0
SUCCESS: formatted database /home/kika/programs/MultiLoc2-26-10-2009/tmp//ml1561390738.74test.seq

========================[ Jun 24, 2019  5:39 PM ]========================
Version 2.2.26 [Sep-21-2011]
Started database file "/home/kika/programs/MultiLoc2-26-10-2009/tmp//ml1561390789.19test.seq"
Formatted 1 sequences in volume 0
SUCCESS: formatted database /home/kika/programs/MultiLoc2-26-10-2009/tmp//ml1561390789.19test.seq
