
========================[ Jun 30, 2017 12:51 PM ]========================
Version 2.2.26 [Sep-21-2011]
Started database file "/home/kika/programs/MultiLoc2-26-10-2009/tmp//ml1498819904.27test.seq"
Formatted 1 sequences in volume 0
SUCCESS: formatted database /home/kika/programs/MultiLoc2-26-10-2009/tmp//ml1498819904.27test.seq

========================[ Jun 30, 2017 12:51 PM ]========================
Version 2.2.26 [Sep-21-2011]
Started database file "/home/kika/programs/MultiLoc2-26-10-2009/tmp//ml1498819904.27test.seq"
Formatted 1 sequences in volume 0
SUCCESS: formatted database /home/kika/programs/MultiLoc2-26-10-2009/tmp//ml1498819904.27test.seq

========================[ Jun 30, 2017 12:52 PM ]========================
Version 2.2.26 [Sep-21-2011]
Started database file "/home/kika/programs/MultiLoc2-26-10-2009/tmp//ml1498819904.27test.seq"
Formatted 1 sequences in volume 0
SUCCESS: formatted database /home/kika/programs/MultiLoc2-26-10-2009/tmp//ml1498819904.27test.seq

========================[ Jun 30, 2017 12:52 PM ]========================
Version 2.2.26 [Sep-21-2011]
Started database file "/home/kika/programs/MultiLoc2-26-10-2009/tmp//ml1498819904.27test.seq"
Formatted 1 sequences in volume 0
SUCCESS: formatted database /home/kika/programs/MultiLoc2-26-10-2009/tmp//ml1498819904.27test.seq

========================[ Jun 30, 2017 12:52 PM ]========================
Version 2.2.26 [Sep-21-2011]
Started database file "/home/kika/programs/MultiLoc2-26-10-2009/tmp//ml1498819904.27test.seq"
Formatted 1 sequences in volume 0
SUCCESS: formatted database /home/kika/programs/MultiLoc2-26-10-2009/tmp//ml1498819904.27test.seq

========================[ Jun 30, 2017 12:52 PM ]========================
Version 2.2.26 [Sep-21-2011]
Started database file "/home/kika/programs/MultiLoc2-26-10-2009/tmp//ml1498819904.27test.seq"
Formatted 1 sequences in volume 0
SUCCESS: formatted database /home/kika/programs/MultiLoc2-26-10-2009/tmp//ml1498819904.27test.seq

========================[ Jun 30, 2017 12:52 PM ]========================
Version 2.2.26 [Sep-21-2011]
Started database file "/home/kika/programs/MultiLoc2-26-10-2009/tmp//ml1498819904.27test.seq"
Formatted 1 sequences in volume 0
SUCCESS: formatted database /home/kika/programs/MultiLoc2-26-10-2009/tmp//ml1498819904.27test.seq

========================[ Jun 30, 2017 12:53 PM ]========================
Version 2.2.26 [Sep-21-2011]
Started database file "/home/kika/programs/MultiLoc2-26-10-2009/tmp//ml1498819904.27test.seq"
Formatted 1 sequences in volume 0
SUCCESS: formatted database /home/kika/programs/MultiLoc2-26-10-2009/tmp//ml1498819904.27test.seq

========================[ Jun 30, 2017 12:53 PM ]========================
Version 2.2.26 [Sep-21-2011]
Started database file "/home/kika/programs/MultiLoc2-26-10-2009/tmp//ml1498819904.27test.seq"
Formatted 1 sequences in volume 0
SUCCESS: formatted database /home/kika/programs/MultiLoc2-26-10-2009/tmp//ml1498819904.27test.seq

========================[ Jun 30, 2017 12:53 PM ]========================
Version 2.2.26 [Sep-21-2011]
Started database file "/home/kika/programs/MultiLoc2-26-10-2009/tmp//ml1498819904.27test.seq"
Formatted 1 sequences in volume 0
SUCCESS: formatted database /home/kika/programs/MultiLoc2-26-10-2009/tmp//ml1498819904.27test.seq

========================[ Jun 30, 2017 12:53 PM ]========================
Version 2.2.26 [Sep-21-2011]
Started database file "/home/kika/programs/MultiLoc2-26-10-2009/tmp//ml1498819904.27test.seq"
Formatted 1 sequences in volume 0
SUCCESS: formatted database /home/kika/programs/MultiLoc2-26-10-2009/tmp//ml1498819904.27test.seq

========================[ Jun 30, 2017 12:53 PM ]========================
Version 2.2.26 [Sep-21-2011]
Started database file "/home/kika/programs/MultiLoc2-26-10-2009/tmp//ml1498819904.27test.seq"
Formatted 1 sequences in volume 0
SUCCESS: formatted database /home/kika/programs/MultiLoc2-26-10-2009/tmp//ml1498819904.27test.seq

========================[ Jun 30, 2017 12:53 PM ]========================
Version 2.2.26 [Sep-21-2011]
Started database file "/home/kika/programs/MultiLoc2-26-10-2009/tmp//ml1498819904.27test.seq"
Formatted 1 sequences in volume 0
SUCCESS: formatted database /home/kika/programs/MultiLoc2-26-10-2009/tmp//ml1498819904.27test.seq

========================[ Jun 30, 2017 12:54 PM ]========================
Version 2.2.26 [Sep-21-2011]
Started database file "/home/kika/programs/MultiLoc2-26-10-2009/tmp//ml1498819904.27test.seq"
Formatted 1 sequences in volume 0
SUCCESS: formatted database /home/kika/programs/MultiLoc2-26-10-2009/tmp//ml1498819904.27test.seq

========================[ Jun 30, 2017 12:54 PM ]========================
Version 2.2.26 [Sep-21-2011]
Started database file "/home/kika/programs/MultiLoc2-26-10-2009/tmp//ml1498819904.27test.seq"
Formatted 1 sequences in volume 0
SUCCESS: formatted database /home/kika/programs/MultiLoc2-26-10-2009/tmp//ml1498819904.27test.seq

========================[ Jun 30, 2017 12:54 PM ]========================
Version 2.2.26 [Sep-21-2011]
Started database file "/home/kika/programs/MultiLoc2-26-10-2009/tmp//ml1498819904.27test.seq"
Formatted 1 sequences in volume 0
SUCCESS: formatted database /home/kika/programs/MultiLoc2-26-10-2009/tmp//ml1498819904.27test.seq

========================[ Jun 30, 2017 12:54 PM ]========================
Version 2.2.26 [Sep-21-2011]
Started database file "/home/kika/programs/MultiLoc2-26-10-2009/tmp//ml1498819904.27test.seq"
Formatted 1 sequences in volume 0
SUCCESS: formatted database /home/kika/programs/MultiLoc2-26-10-2009/tmp//ml1498819904.27test.seq

========================[ Jun 30, 2017 12:54 PM ]========================
Version 2.2.26 [Sep-21-2011]
Started database file "/home/kika/programs/MultiLoc2-26-10-2009/tmp//ml1498819904.27test.seq"
Formatted 1 sequences in volume 0
SUCCESS: formatted database /home/kika/programs/MultiLoc2-26-10-2009/tmp//ml1498819904.27test.seq

========================[ Jun 30, 2017 12:55 PM ]========================
Version 2.2.26 [Sep-21-2011]
Started database file "/home/kika/programs/MultiLoc2-26-10-2009/tmp//ml1498819904.27test.seq"
Formatted 1 sequences in volume 0
SUCCESS: formatted database /home/kika/programs/MultiLoc2-26-10-2009/tmp//ml1498819904.27test.seq

========================[ Jun 30, 2017 12:55 PM ]========================
Version 2.2.26 [Sep-21-2011]
Started database file "/home/kika/programs/MultiLoc2-26-10-2009/tmp//ml1498819904.27test.seq"
Formatted 1 sequences in volume 0
SUCCESS: formatted database /home/kika/programs/MultiLoc2-26-10-2009/tmp//ml1498819904.27test.seq

========================[ Jun 30, 2017 12:55 PM ]========================
Version 2.2.26 [Sep-21-2011]
Started database file "/home/kika/programs/MultiLoc2-26-10-2009/tmp//ml1498819904.27test.seq"
Formatted 1 sequences in volume 0
SUCCESS: formatted database /home/kika/programs/MultiLoc2-26-10-2009/tmp//ml1498819904.27test.seq

========================[ Jun 30, 2017 12:55 PM ]========================
Version 2.2.26 [Sep-21-2011]
Started database file "/home/kika/programs/MultiLoc2-26-10-2009/tmp//ml1498819904.27test.seq"
Formatted 1 sequences in volume 0
SUCCESS: formatted database /home/kika/programs/MultiLoc2-26-10-2009/tmp//ml1498819904.27test.seq

========================[ Jun 30, 2017 12:55 PM ]========================
Version 2.2.26 [Sep-21-2011]
Started database file "/home/kika/programs/MultiLoc2-26-10-2009/tmp//ml1498819904.27test.seq"
Formatted 1 sequences in volume 0
SUCCESS: formatted database /home/kika/programs/MultiLoc2-26-10-2009/tmp//ml1498819904.27test.seq

========================[ Jun 30, 2017 12:56 PM ]========================
Version 2.2.26 [Sep-21-2011]
Started database file "/home/kika/programs/MultiLoc2-26-10-2009/tmp//ml1498819904.27test.seq"
Formatted 1 sequences in volume 0
SUCCESS: formatted database /home/kika/programs/MultiLoc2-26-10-2009/tmp//ml1498819904.27test.seq

========================[ Jun 30, 2017 12:56 PM ]========================
Version 2.2.26 [Sep-21-2011]
Started database file "/home/kika/programs/MultiLoc2-26-10-2009/tmp//ml1498820191.15test.seq"
Formatted 1 sequences in volume 0
SUCCESS: formatted database /home/kika/programs/MultiLoc2-26-10-2009/tmp//ml1498820191.15test.seq

========================[ Jun 30, 2017 12:56 PM ]========================
Version 2.2.26 [Sep-21-2011]
Started database file "/home/kika/programs/MultiLoc2-26-10-2009/tmp//ml1498820191.15test.seq"
Formatted 1 sequences in volume 0
SUCCESS: formatted database /home/kika/programs/MultiLoc2-26-10-2009/tmp//ml1498820191.15test.seq

========================[ Jun 30, 2017 12:56 PM ]========================
Version 2.2.26 [Sep-21-2011]
Started database file "/home/kika/programs/MultiLoc2-26-10-2009/tmp//ml1498820191.15test.seq"
Formatted 1 sequences in volume 0
SUCCESS: formatted database /home/kika/programs/MultiLoc2-26-10-2009/tmp//ml1498820191.15test.seq

========================[ Jun 30, 2017 12:57 PM ]========================
Version 2.2.26 [Sep-21-2011]
Started database file "/home/kika/programs/MultiLoc2-26-10-2009/tmp//ml1498820191.15test.seq"
Formatted 1 sequences in volume 0
SUCCESS: formatted database /home/kika/programs/MultiLoc2-26-10-2009/tmp//ml1498820191.15test.seq

========================[ Jun 30, 2017 12:57 PM ]========================
Version 2.2.26 [Sep-21-2011]
Started database file "/home/kika/programs/MultiLoc2-26-10-2009/tmp//ml1498820191.15test.seq"
Formatted 1 sequences in volume 0
SUCCESS: formatted database /home/kika/programs/MultiLoc2-26-10-2009/tmp//ml1498820191.15test.seq

========================[ Jun 30, 2017 12:57 PM ]========================
Version 2.2.26 [Sep-21-2011]
Started database file "/home/kika/programs/MultiLoc2-26-10-2009/tmp//ml1498820191.15test.seq"
Formatted 1 sequences in volume 0
SUCCESS: formatted database /home/kika/programs/MultiLoc2-26-10-2009/tmp//ml1498820191.15test.seq

========================[ Jun 30, 2017 12:57 PM ]========================
Version 2.2.26 [Sep-21-2011]
Started database file "/home/kika/programs/MultiLoc2-26-10-2009/tmp//ml1498820191.15test.seq"
Formatted 1 sequences in volume 0
SUCCESS: formatted database /home/kika/programs/MultiLoc2-26-10-2009/tmp//ml1498820191.15test.seq

========================[ Jun 30, 2017 12:57 PM ]========================
Version 2.2.26 [Sep-21-2011]
Started database file "/home/kika/programs/MultiLoc2-26-10-2009/tmp//ml1498820191.15test.seq"
Formatted 1 sequences in volume 0
SUCCESS: formatted database /home/kika/programs/MultiLoc2-26-10-2009/tmp//ml1498820191.15test.seq

========================[ Jun 30, 2017 12:57 PM ]========================
Version 2.2.26 [Sep-21-2011]
Started database file "/home/kika/programs/MultiLoc2-26-10-2009/tmp//ml1498820191.15test.seq"
Formatted 1 sequences in volume 0
SUCCESS: formatted database /home/kika/programs/MultiLoc2-26-10-2009/tmp//ml1498820191.15test.seq

========================[ Jun 30, 2017 12:58 PM ]========================
Version 2.2.26 [Sep-21-2011]
Started database file "/home/kika/programs/MultiLoc2-26-10-2009/tmp//ml1498820191.15test.seq"
Formatted 1 sequences in volume 0
SUCCESS: formatted database /home/kika/programs/MultiLoc2-26-10-2009/tmp//ml1498820191.15test.seq

========================[ Jun 30, 2017 12:58 PM ]========================
Version 2.2.26 [Sep-21-2011]
Started database file "/home/kika/programs/MultiLoc2-26-10-2009/tmp//ml1498820191.15test.seq"
Formatted 1 sequences in volume 0
SUCCESS: formatted database /home/kika/programs/MultiLoc2-26-10-2009/tmp//ml1498820191.15test.seq

========================[ Jun 30, 2017 12:58 PM ]========================
Version 2.2.26 [Sep-21-2011]
Started database file "/home/kika/programs/MultiLoc2-26-10-2009/tmp//ml1498820191.15test.seq"
Formatted 1 sequences in volume 0
SUCCESS: formatted database /home/kika/programs/MultiLoc2-26-10-2009/tmp//ml1498820191.15test.seq

========================[ Jun 30, 2017 12:58 PM ]========================
Version 2.2.26 [Sep-21-2011]
Started database file "/home/kika/programs/MultiLoc2-26-10-2009/tmp//ml1498820191.15test.seq"
Formatted 1 sequences in volume 0
SUCCESS: formatted database /home/kika/programs/MultiLoc2-26-10-2009/tmp//ml1498820191.15test.seq
